# JRE version: Java(TM) SE Runtime Environment (8.0_161-b12) (build 1.8.0_161-b12)
# Java VM: Java HotSpot(TM) 64-Bit Server VM (25.161-b12 mixed mode linux-amd64 compressed oops)
Heap:
 PSYoungGen      total 182272K, used 8508K [0x00000000ee700000, 0x00000000fa200000, 0x0000000100000000)
  eden space 173056K, 0% used [0x00000000ee700000,0x00000000ee700000,0x00000000f9000000)
  from space 9216K, 92% used [0x00000000f9000000,0x00000000f984f098,0x00000000f9900000)
  to   space 7168K, 0% used [0x00000000f9900000,0x00000000f9900000,0x00000000fa000000)
 ParOldGen       total 26624K, used 19599K [0x00000000cb400000, 0x00000000cce00000, 0x00000000ee700000)
  object space 26624K, 73% used [0x00000000cb400000,0x00000000cc723e98,0x00000000cce00000)
 Metaspace       used 33717K, capacity 35298K, committed 35456K, reserved 1079296K
  class space    used 4562K, capacity 4865K, committed 4992K, reserved 1048576K
GC Heap History (10 events):
Event: 3.620 GC heap after
Heap after GC invocations=7 (full 0):
 PSYoungGen      total 61440K, used 4082K [0x00000000ee700000, 0x00000000f6200000, 0x0000000100000000)
  eden space 57344K, 0% used [0x00000000ee700000,0x00000000ee700000,0x00000000f1f00000)
  from space 4096K, 99% used [0x00000000f1f00000,0x00000000f22fc858,0x00000000f2300000)
  to   space 5632K, 0% used [0x00000000f5c80000,0x00000000f5c80000,0x00000000f6200000)
 ParOldGen       total 36864K, used 7307K [0x00000000cb400000, 0x00000000cd800000, 0x00000000ee700000)
  object space 36864K, 19% used [0x00000000cb400000,0x00000000cbb22e78,0x00000000cd800000)
 Metaspace       used 18737K, capacity 19234K, committed 19456K, reserved 1067008K
  class space    used 2405K, capacity 2559K, committed 2560K, reserved 1048576K
}
Event: 4.295 GC heap before
{Heap before GC invocations=8 (full 0):
 PSYoungGen      total 61440K, used 40310K [0x00000000ee700000, 0x00000000f6200000, 0x0000000100000000)
  eden space 57344K, 63% used [0x00000000ee700000,0x00000000f0a61100,0x00000000f1f00000)
  from space 4096K, 99% used [0x00000000f1f00000,0x00000000f22fc858,0x00000000f2300000)
  to   space 5632K, 0% used [0x00000000f5c80000,0x00000000f5c80000,0x00000000f6200000)
 ParOldGen       total 36864K, used 7307K [0x00000000cb400000, 0x00000000cd800000, 0x00000000ee700000)
  object space 36864K, 19% used [0x00000000cb400000,0x00000000cbb22e78,0x00000000cd800000)
 Metaspace       used 20559K, capacity 21210K, committed 21296K, reserved 1067008K
  class space    used 2698K, capacity 2895K, committed 2944K, reserved 1048576K
Event: 4.312 GC heap after
Heap after GC invocations=8 (full 0):
 PSYoungGen      total 120320K, used 4339K [0x00000000ee700000, 0x00000000f6200000, 0x0000000100000000)
  eden space 114688K, 0% used [0x00000000ee700000,0x00000000ee700000,0x00000000f5700000)
  from space 5632K, 77% used [0x00000000f5c80000,0x00000000f60bced8,0x00000000f6200000)
  to   space 5632K, 0% used [0x00000000f5700000,0x00000000f5700000,0x00000000f5c80000)
 ParOldGen       total 36864K, used 7768K [0x00000000cb400000, 0x00000000cd800000, 0x00000000ee700000)
  object space 36864K, 21% used [0x00000000cb400000,0x00000000cbb963b8,0x00000000cd800000)
 Metaspace       used 20559K, capacity 21210K, committed 21296K, reserved 1067008K
  class space    used 2698K, capacity 2895K, committed 2944K, reserved 1048576K
}
Event: 4.312 GC heap before
{Heap before GC invocations=9 (full 1):
 PSYoungGen      total 120320K, used 4339K [0x00000000ee700000, 0x00000000f6200000, 0x0000000100000000)
  eden space 114688K, 0% used [0x00000000ee700000,0x00000000ee700000,0x00000000f5700000)
  from space 5632K, 77% used [0x00000000f5c80000,0x00000000f60bced8,0x00000000f6200000)
  to   space 5632K, 0% used [0x00000000f5700000,0x00000000f5700000,0x00000000f5c80000)
 ParOldGen       total 36864K, used 7768K [0x00000000cb400000, 0x00000000cd800000, 0x00000000ee700000)
  object space 36864K, 21% used [0x00000000cb400000,0x00000000cbb963b8,0x00000000cd800000)
 Metaspace       used 20559K, capacity 21210K, committed 21296K, reserved 1067008K
  class space    used 2698K, capacity 2895K, committed 2944K, reserved 1048576K
Event: 4.370 GC heap after
Heap after GC invocations=9 (full 1):
 PSYoungGen      total 120320K, used 0K [0x00000000ee700000, 0x00000000f6200000, 0x0000000100000000)
  eden space 114688K, 0% used [0x00000000ee700000,0x00000000ee700000,0x00000000f5700000)
  from space 5632K, 0% used [0x00000000f5c80000,0x00000000f5c80000,0x00000000f6200000)
  to   space 5632K, 0% used [0x00000000f5700000,0x00000000f5700000,0x00000000f5c80000)
 ParOldGen       total 26624K, used 7837K [0x00000000cb400000, 0x00000000cce00000, 0x00000000ee700000)
  object space 26624K, 29% used [0x00000000cb400000,0x00000000cbba74f0,0x00000000cce00000)
 Metaspace       used 20559K, capacity 21210K, committed 21296K, reserved 1067008K
  class space    used 2698K, capacity 2895K, committed 2944K, reserved 1048576K
}
Event: 8.378 GC heap before
{Heap before GC invocations=10 (full 1):
 PSYoungGen      total 120320K, used 114688K [0x00000000ee700000, 0x00000000f6200000, 0x0000000100000000)
  eden space 114688K, 100% used [0x00000000ee700000,0x00000000f5700000,0x00000000f5700000)
  from space 5632K, 0% used [0x00000000f5c80000,0x00000000f5c80000,0x00000000f6200000)
  to   space 5632K, 0% used [0x00000000f5700000,0x00000000f5700000,0x00000000f5c80000)
 ParOldGen       total 26624K, used 7837K [0x00000000cb400000, 0x00000000cce00000, 0x00000000ee700000)
  object space 26624K, 29% used [0x00000000cb400000,0x00000000cbba74f0,0x00000000cce00000)
 Metaspace       used 25755K, capacity 26712K, committed 27008K, reserved 1073152K
  class space    used 3431K, capacity 3650K, committed 3712K, reserved 1048576K
Event: 8.392 GC heap after
Heap after GC invocations=10 (full 1):
 PSYoungGen      total 120320K, used 5602K [0x00000000ee700000, 0x00000000fa000000, 0x0000000100000000)
  eden space 114688K, 0% used [0x00000000ee700000,0x00000000ee700000,0x00000000f5700000)
  from space 5632K, 99% used [0x00000000f5700000,0x00000000f5c78850,0x00000000f5c80000)
  to   space 7168K, 0% used [0x00000000f9900000,0x00000000f9900000,0x00000000fa000000)
 ParOldGen       total 26624K, used 10023K [0x00000000cb400000, 0x00000000cce00000, 0x00000000ee700000)
  object space 26624K, 37% used [0x00000000cb400000,0x00000000cbdc9d88,0x00000000cce00000)
 Metaspace       used 25755K, capacity 26712K, committed 27008K, reserved 1073152K
  class space    used 3431K, capacity 3650K, committed 3712K, reserved 1048576K
}
Event: 9.766 GC heap before
{Heap before GC invocations=11 (full 1):
 PSYoungGen      total 120320K, used 120290K [0x00000000ee700000, 0x00000000fa000000, 0x0000000100000000)
  eden space 114688K, 100% used [0x00000000ee700000,0x00000000f5700000,0x00000000f5700000)
  from space 5632K, 99% used [0x00000000f5700000,0x00000000f5c78850,0x00000000f5c80000)
  to   space 7168K, 0% used [0x00000000f9900000,0x00000000f9900000,0x00000000fa000000)
 ParOldGen       total 26624K, used 10023K [0x00000000cb400000, 0x00000000cce00000, 0x00000000ee700000)
  object space 26624K, 37% used [0x00000000cb400000,0x00000000cbdc9d88,0x00000000cce00000)
 Metaspace       used 28122K, capacity 29214K, committed 29440K, reserved 1075200K
  class space    used 3837K, capacity 4067K, committed 4096K, reserved 1048576K
Event: 9.805 GC heap after
Heap after GC invocations=11 (full 1):
 PSYoungGen      total 180224K, used 7145K [0x00000000ee700000, 0x00000000fa200000, 0x0000000100000000)
  eden space 173056K, 0% used [0x00000000ee700000,0x00000000ee700000,0x00000000f9000000)
  from space 7168K, 99% used [0x00000000f9900000,0x00000000f9ffa588,0x00000000fa000000)
  to   space 9216K, 0% used [0x00000000f9000000,0x00000000f9000000,0x00000000f9900000)
 ParOldGen       total 26624K, used 13284K [0x00000000cb400000, 0x00000000cce00000, 0x00000000ee700000)
  object space 26624K, 49% used [0x00000000cb400000,0x00000000cc0f92c0,0x00000000cce00000)
 Metaspace       used 28122K, capacity 29214K, committed 29440K, reserved 1075200K
  class space    used 3837K, capacity 4067K, committed 4096K, reserved 1048576K
}
Event: 11.625 GC heap before
{Heap before GC invocations=12 (full 1):
 PSYoungGen      total 180224K, used 159056K [0x00000000ee700000, 0x00000000fa200000, 0x0000000100000000)
  eden space 173056K, 87% used [0x00000000ee700000,0x00000000f7b59b58,0x00000000f9000000)
  from space 7168K, 99% used [0x00000000f9900000,0x00000000f9ffa588,0x00000000fa000000)
  to   space 9216K, 0% used [0x00000000f9000000,0x00000000f9000000,0x00000000f9900000)
 ParOldGen       total 26624K, used 13284K [0x00000000cb400000, 0x00000000cce00000, 0x00000000ee700000)
  object space 26624K, 49% used [0x00000000cb400000,0x00000000cc0f92c0,0x00000000cce00000)
 Metaspace       used 33717K, capacity 35298K, committed 35456K, reserved 1079296K
  class space    used 4562K, capacity 4865K, committed 4992K, reserved 1048576K

