# JRE version: Java(TM) SE Runtime Environment (8.0_161-b12) (build 1.8.0_161-b12)
# Java VM: Java HotSpot(TM) 64-Bit Server VM (25.161-b12 mixed mode linux-amd64 compressed oops)
Heap:
 PSYoungGen      total 120320K, used 5629K [0x00000000ee700000, 0x00000000f6200000, 0x0000000100000000)
  eden space 114688K, 0% used [0x00000000ee700000,0x00000000ee700000,0x00000000f5700000)
  from space 5632K, 99% used [0x00000000f5700000,0x00000000f5c7f528,0x00000000f5c80000)
  to   space 5632K, 0% used [0x00000000f5c80000,0x00000000f5c80000,0x00000000f6200000)
 ParOldGen       total 30720K, used 9782K [0x00000000cb400000, 0x00000000cd200000, 0x00000000ee700000)
  object space 30720K, 31% used [0x00000000cb400000,0x00000000cbd8d888,0x00000000cd200000)
 Metaspace       used 25711K, capacity 26682K, committed 26752K, reserved 1073152K
  class space    used 3434K, capacity 3657K, committed 3712K, reserved 1048576K
GC Heap History (10 events):
Event: 2.162 GC heap after
Heap after GC invocations=5 (full 0):
 PSYoungGen      total 30720K, used 2024K [0x00000000ee700000, 0x00000000f2700000, 0x0000000100000000)
  eden space 28672K, 0% used [0x00000000ee700000,0x00000000ee700000,0x00000000f0300000)
  from space 2048K, 98% used [0x00000000f0300000,0x00000000f04fa3f8,0x00000000f0500000)
  to   space 4096K, 0% used [0x00000000f2300000,0x00000000f2300000,0x00000000f2700000)
 ParOldGen       total 36864K, used 5319K [0x00000000cb400000, 0x00000000cd800000, 0x00000000ee700000)
  object space 36864K, 14% used [0x00000000cb400000,0x00000000cb931f08,0x00000000cd800000)
 Metaspace       used 14268K, capacity 14726K, committed 14976K, reserved 1062912K
  class space    used 1799K, capacity 1917K, committed 1920K, reserved 1048576K
}
Event: 2.259 GC heap before
{Heap before GC invocations=6 (full 0):
 PSYoungGen      total 30720K, used 30696K [0x00000000ee700000, 0x00000000f2700000, 0x0000000100000000)
  eden space 28672K, 100% used [0x00000000ee700000,0x00000000f0300000,0x00000000f0300000)
  from space 2048K, 98% used [0x00000000f0300000,0x00000000f04fa3f8,0x00000000f0500000)
  to   space 4096K, 0% used [0x00000000f2300000,0x00000000f2300000,0x00000000f2700000)
 ParOldGen       total 36864K, used 5319K [0x00000000cb400000, 0x00000000cd800000, 0x00000000ee700000)
  object space 36864K, 14% used [0x00000000cb400000,0x00000000cb931f08,0x00000000cd800000)
 Metaspace       used 15193K, capacity 15706K, committed 15744K, reserved 1062912K
  class space    used 2029K, capacity 2169K, committed 2176K, reserved 1048576K
Event: 2.265 GC heap after
Heap after GC invocations=6 (full 0):
 PSYoungGen      total 61440K, used 3304K [0x00000000ee700000, 0x00000000f2700000, 0x0000000100000000)
  eden space 57344K, 0% used [0x00000000ee700000,0x00000000ee700000,0x00000000f1f00000)
  from space 4096K, 80% used [0x00000000f2300000,0x00000000f263a3f8,0x00000000f2700000)
  to   space 4096K, 0% used [0x00000000f1f00000,0x00000000f1f00000,0x00000000f2300000)
 ParOldGen       total 36864K, used 5327K [0x00000000cb400000, 0x00000000cd800000, 0x00000000ee700000)
  object space 36864K, 14% used [0x00000000cb400000,0x00000000cb933f08,0x00000000cd800000)
 Metaspace       used 15193K, capacity 15706K, committed 15744K, reserved 1062912K
  class space    used 2029K, capacity 2169K, committed 2176K, reserved 1048576K
}
Event: 2.633 GC heap before
{Heap before GC invocations=7 (full 0):
 PSYoungGen      total 61440K, used 60648K [0x00000000ee700000, 0x00000000f2700000, 0x0000000100000000)
  eden space 57344K, 100% used [0x00000000ee700000,0x00000000f1f00000,0x00000000f1f00000)
  from space 4096K, 80% used [0x00000000f2300000,0x00000000f263a3f8,0x00000000f2700000)
  to   space 4096K, 0% used [0x00000000f1f00000,0x00000000f1f00000,0x00000000f2300000)
 ParOldGen       total 36864K, used 5327K [0x00000000cb400000, 0x00000000cd800000, 0x00000000ee700000)
  object space 36864K, 14% used [0x00000000cb400000,0x00000000cb933f08,0x00000000cd800000)
 Metaspace       used 18719K, capacity 19342K, committed 19584K, reserved 1067008K
  class space    used 2480K, capacity 2629K, committed 2688K, reserved 1048576K
Event: 2.652 GC heap after
Heap after GC invocations=7 (full 0):
 PSYoungGen      total 61440K, used 4089K [0x00000000ee700000, 0x00000000f6200000, 0x0000000100000000)
  eden space 57344K, 0% used [0x00000000ee700000,0x00000000ee700000,0x00000000f1f00000)
  from space 4096K, 99% used [0x00000000f1f00000,0x00000000f22fe6b8,0x00000000f2300000)
  to   space 5632K, 0% used [0x00000000f5c80000,0x00000000f5c80000,0x00000000f6200000)
 ParOldGen       total 36864K, used 7851K [0x00000000cb400000, 0x00000000cd800000, 0x00000000ee700000)
  object space 36864K, 21% used [0x00000000cb400000,0x00000000cbbaafd0,0x00000000cd800000)
 Metaspace       used 18719K, capacity 19342K, committed 19584K, reserved 1067008K
  class space    used 2480K, capacity 2629K, committed 2688K, reserved 1048576K
}
Event: 3.025 GC heap before
{Heap before GC invocations=8 (full 0):
 PSYoungGen      total 61440K, used 35219K [0x00000000ee700000, 0x00000000f6200000, 0x0000000100000000)
  eden space 57344K, 54% used [0x00000000ee700000,0x00000000f0566558,0x00000000f1f00000)
  from space 4096K, 99% used [0x00000000f1f00000,0x00000000f22fe6b8,0x00000000f2300000)
  to   space 5632K, 0% used [0x00000000f5c80000,0x00000000f5c80000,0x00000000f6200000)
 ParOldGen       total 36864K, used 7851K [0x00000000cb400000, 0x00000000cd800000, 0x00000000ee700000)
  object space 36864K, 21% used [0x00000000cb400000,0x00000000cbbaafd0,0x00000000cd800000)
 Metaspace       used 20588K, capacity 21236K, committed 21296K, reserved 1067008K
  class space    used 2724K, capacity 2908K, committed 2944K, reserved 1048576K
Event: 3.030 GC heap after
Heap after GC invocations=8 (full 0):
 PSYoungGen      total 120320K, used 4162K [0x00000000ee700000, 0x00000000f6200000, 0x0000000100000000)
  eden space 114688K, 0% used [0x00000000ee700000,0x00000000ee700000,0x00000000f5700000)
  from space 5632K, 73% used [0x00000000f5c80000,0x00000000f6090a48,0x00000000f6200000)
  to   space 5632K, 0% used [0x00000000f5700000,0x00000000f5700000,0x00000000f5c80000)
 ParOldGen       total 36864K, used 8331K [0x00000000cb400000, 0x00000000cd800000, 0x00000000ee700000)
  object space 36864K, 22% used [0x00000000cb400000,0x00000000cbc22fd0,0x00000000cd800000)
 Metaspace       used 20588K, capacity 21236K, committed 21296K, reserved 1067008K
  class space    used 2724K, capacity 2908K, committed 2944K, reserved 1048576K
}
Event: 3.030 GC heap before
{Heap before GC invocations=9 (full 1):
 PSYoungGen      total 120320K, used 4162K [0x00000000ee700000, 0x00000000f6200000, 0x0000000100000000)
  eden space 114688K, 0% used [0x00000000ee700000,0x00000000ee700000,0x00000000f5700000)
  from space 5632K, 73% used [0x00000000f5c80000,0x00000000f6090a48,0x00000000f6200000)
  to   space 5632K, 0% used [0x00000000f5700000,0x00000000f5700000,0x00000000f5c80000)
 ParOldGen       total 36864K, used 8331K [0x00000000cb400000, 0x00000000cd800000, 0x00000000ee700000)
  object space 36864K, 22% used [0x00000000cb400000,0x00000000cbc22fd0,0x00000000cd800000)
 Metaspace       used 20588K, capacity 21236K, committed 21296K, reserved 1067008K
  class space    used 2724K, capacity 2908K, committed 2944K, reserved 1048576K
Event: 3.084 GC heap after
Heap after GC invocations=9 (full 1):
 PSYoungGen      total 120320K, used 0K [0x00000000ee700000, 0x00000000f6200000, 0x0000000100000000)
  eden space 114688K, 0% used [0x00000000ee700000,0x00000000ee700000,0x00000000f5700000)
  from space 5632K, 0% used [0x00000000f5c80000,0x00000000f5c80000,0x00000000f6200000)
  to   space 5632K, 0% used [0x00000000f5700000,0x00000000f5700000,0x00000000f5c80000)
 ParOldGen       total 30720K, used 8159K [0x00000000cb400000, 0x00000000cd200000, 0x00000000ee700000)
  object space 30720K, 26% used [0x00000000cb400000,0x00000000cbbf7dc0,0x00000000cd200000)
 Metaspace       used 20586K, capacity 21230K, committed 21296K, reserved 1067008K
  class space    used 2723K, capacity 2907K, committed 2944K, reserved 1048576K
}
Event: 62.831 GC heap before
{Heap before GC invocations=10 (full 1):
 PSYoungGen      total 120320K, used 114688K [0x00000000ee700000, 0x00000000f6200000, 0x0000000100000000)
  eden space 114688K, 100% used [0x00000000ee700000,0x00000000f5700000,0x00000000f5700000)
  from space 5632K, 0% used [0x00000000f5c80000,0x00000000f5c80000,0x00000000f6200000)
  to   space 5632K, 0% used [0x00000000f5700000,0x00000000f5700000,0x00000000f5c80000)
 ParOldGen       total 30720K, used 8159K [0x00000000cb400000, 0x00000000cd200000, 0x00000000ee700000)
  object space 30720K, 26% used [0x00000000cb400000,0x00000000cbbf7dc0,0x00000000cd200000)
 Metaspace       used 25711K, capacity 26682K, committed 26752K, reserved 1073152K
  class space    used 3434K, capacity 3657K, committed 3712K, reserved 1048576K

